2017-08-03 17:37:59,007 INFO  [Log] Total TestCases: 1 
2017-08-03 17:37:59,008 INFO  [Log] TestData sheet ColCount: 4 
2017-08-03 17:37:59,014 INFO  [Log] Header Name for TestData Sheet: [TestCaseID, username, password, browser] 
2017-08-03 17:37:59,014 INFO  [Log] ---------------------------------------   START  --------------------------------------- 
2017-08-03 17:37:59,015 INFO  [Log] TestCase no.: 1 
2017-08-03 17:37:59,016 INFO  [Log] TestCaseID: login 
2017-08-03 17:37:59,016 INFO  [Log] sRunMode: yes 
2017-08-03 17:37:59,016 INFO  [Log] - 
2017-08-03 17:37:59,016 INFO  [Log] - 
2017-08-03 17:37:59,016 INFO  [Log] - 
2017-08-03 17:37:59,016 INFO  [Log] ---------------------------------------------------------------------------------------- 
2017-08-03 17:37:59,016 INFO  [Log] ---------------------------------------------------------------------------------------- 
2017-08-03 17:37:59,016 INFO  [Log] -------------------             login TestStep begins                ------------------- 
2017-08-03 17:37:59,017 INFO  [Log] ---------------------------------------------------------------------------------------- 
2017-08-03 17:37:59,017 INFO  [Log] ---------------------------------------------------------------------------------------- 
2017-08-03 17:37:59,018 INFO  [Log] 1st TestStep at row: 1 
2017-08-03 17:37:59,019 WARN  [Log] No Cell Data is found and return empty cell 
2017-08-03 17:37:59,019 INFO  [Log] Last TestStep at row: 7 
2017-08-03 17:37:59,019 WARN  [Log] No Cell Data is found and return empty cell 
2017-08-03 17:37:59,019 INFO  [Log] 1st TestData at row: 1 
2017-08-03 17:37:59,019 INFO  [Log] Last TestData at row: 1 
2017-08-03 17:37:59,019 INFO  [Log] Test start for new TestData 
2017-08-03 17:37:59,019 INFO  [Log] - 
2017-08-03 17:37:59,019 INFO  [Log] - 
2017-08-03 17:37:59,019 INFO  [Log] - 
2017-08-03 17:37:59,019 INFO  [Log] TestStep row no.: 1 
2017-08-03 17:37:59,020 INFO  [Log] Fetching TestData Item: Chrome 
2017-08-03 17:38:11,425 INFO  [Log] Action......Opening the browser 
2017-08-03 17:38:11,426 INFO  [Log] Executed TestData Item: Chrome 
2017-08-03 17:38:11,426 INFO  [Log] bResult: true for iStartTestStep: 1 
2017-08-03 17:38:11,633 INFO  [Log] Test result: PASS written successfully on: TestSteps of DataEngine.xlsx 
2017-08-03 17:38:11,633 INFO  [Log] TestStep row no.: 2 
2017-08-03 17:38:11,633 WARN  [Log] No Cell Data is found and return empty cell 
2017-08-03 17:38:11,634 INFO  [Log] Action......Clicking on ObjectLocator //*[@id="page-container"]/div[5]/input 
2017-08-03 17:38:12,185 INFO  [Log] Executed TestData Item:  
2017-08-03 17:38:12,185 INFO  [Log] bResult: true for iStartTestStep: 2 
2017-08-03 17:38:12,298 INFO  [Log] Test result: PASS written successfully on: TestSteps of DataEngine.xlsx 
2017-08-03 17:38:12,298 INFO  [Log] TestStep row no.: 3 
2017-08-03 17:38:12,299 INFO  [Log] Fetching TestData Item: 0197768799 
2017-08-03 17:38:12,299 INFO  [Log] Action......Input the text into ObjectLocator //*[@id="username"] 
2017-08-03 17:38:12,412 INFO  [Log] Executed TestData Item: 0197768799 
2017-08-03 17:38:12,412 INFO  [Log] bResult: true for iStartTestStep: 3 
2017-08-03 17:38:12,613 INFO  [Log] Test result: PASS written successfully on: TestSteps of DataEngine.xlsx 
2017-08-03 17:38:12,613 INFO  [Log] TestStep row no.: 4 
2017-08-03 17:38:12,613 INFO  [Log] Fetching TestData Item: 999999 
2017-08-03 17:38:12,613 INFO  [Log] Action......Input the text into ObjectLocator //*[@id="Password"] 
2017-08-03 17:38:12,710 INFO  [Log] Executed TestData Item: 999999 
2017-08-03 17:38:12,710 INFO  [Log] bResult: true for iStartTestStep: 4 
2017-08-03 17:38:12,801 INFO  [Log] Test result: PASS written successfully on: TestSteps of DataEngine.xlsx 
2017-08-03 17:38:12,801 INFO  [Log] TestStep row no.: 5 
2017-08-03 17:38:12,801 INFO  [Log] Action......Clicking on ObjectLocator //*[@id="btnSubmitLogin"] 
2017-08-03 17:38:14,059 INFO  [Log] Executed TestData Item:  
2017-08-03 17:38:14,059 INFO  [Log] bResult: true for iStartTestStep: 5 
2017-08-03 17:38:14,162 INFO  [Log] Test result: PASS written successfully on: TestSteps of DataEngine.xlsx 
2017-08-03 17:38:14,162 INFO  [Log] TestStep row no.: 6 
2017-08-03 17:38:14,162 INFO  [Log] Action......Try Verify text 
2017-08-03 17:38:14,232 INFO  [Log] Text verified 
2017-08-03 17:38:14,232 INFO  [Log] Executed TestData Item: log keluar 
2017-08-03 17:38:14,232 INFO  [Log] bResult: true for iStartTestStep: 6 
2017-08-03 17:38:14,309 INFO  [Log] Test result: PASS written successfully on: TestSteps of DataEngine.xlsx 
2017-08-03 17:38:14,309 INFO  [Log] TestStep row no.: 7 
2017-08-03 17:38:14,309 WARN  [Log] No Cell Data is found and return empty cell 
2017-08-03 17:38:14,309 INFO  [Log] Action......Closing the browser 
2017-08-03 17:38:14,597 INFO  [Log] Executed TestData Item:  
2017-08-03 17:38:14,597 INFO  [Log] bResult: true for iStartTestStep: 7 
2017-08-03 17:38:14,681 INFO  [Log] Test result: PASS written successfully on: TestSteps of DataEngine.xlsx 
2017-08-03 17:38:14,750 INFO  [Log] Test result: PASS written successfully on: TestCases of DataEngine.xlsx 
2017-08-03 17:38:14,750 INFO  [Log] ......All TestStep Completed for login...... 
2017-08-03 17:38:14,750 INFO  [Log] --------------------------------TestCase login Ended------------------------------------ 
2017-08-03 17:38:14,750 INFO  [Log] - 
2017-08-03 17:38:14,750 INFO  [Log] - 
2017-08-03 17:38:14,750 INFO  [Log] - 
2017-08-03 17:38:14,750 INFO  [Log] - 
2017-08-03 17:38:14,750 INFO  [Log] ......No more TestCase with 'Yes' RunMode...... 
2017-08-03 17:38:14,750 INFO  [Log] ---------------------------------------   E-N-D  --------------------------------------- 
2017-08-03 17:38:44,191 INFO  [Log] Total TestCases: 1 
2017-08-03 17:38:44,191 INFO  [Log] TestData sheet ColCount: 4 
2017-08-03 17:38:44,197 INFO  [Log] Header Name for TestData Sheet: [TestCaseID, username, password, browser] 
2017-08-03 17:38:44,197 INFO  [Log] ---------------------------------------   START  --------------------------------------- 
2017-08-03 17:38:44,197 INFO  [Log] TestCase no.: 1 
2017-08-03 17:38:44,197 INFO  [Log] TestCaseID: login 
2017-08-03 17:38:44,197 INFO  [Log] sRunMode: yes 
2017-08-03 17:38:44,197 INFO  [Log] - 
2017-08-03 17:38:44,197 INFO  [Log] - 
2017-08-03 17:38:44,197 INFO  [Log] - 
2017-08-03 17:38:44,197 INFO  [Log] ---------------------------------------------------------------------------------------- 
2017-08-03 17:38:44,197 INFO  [Log] ---------------------------------------------------------------------------------------- 
2017-08-03 17:38:44,197 INFO  [Log] -------------------             login TestStep begins                ------------------- 
2017-08-03 17:38:44,197 INFO  [Log] ---------------------------------------------------------------------------------------- 
2017-08-03 17:38:44,197 INFO  [Log] ---------------------------------------------------------------------------------------- 
2017-08-03 17:38:44,198 INFO  [Log] 1st TestStep at row: 1 
2017-08-03 17:38:44,199 WARN  [Log] No Cell Data is found and return empty cell 
2017-08-03 17:38:44,199 INFO  [Log] Last TestStep at row: 7 
2017-08-03 17:38:44,199 WARN  [Log] No Cell Data is found and return empty cell 
2017-08-03 17:38:44,199 INFO  [Log] 1st TestData at row: 1 
2017-08-03 17:38:44,200 INFO  [Log] Last TestData at row: 2 
2017-08-03 17:38:44,200 INFO  [Log] Test start for new TestData 
2017-08-03 17:38:44,200 INFO  [Log] - 
2017-08-03 17:38:44,200 INFO  [Log] - 
2017-08-03 17:38:44,200 INFO  [Log] - 
2017-08-03 17:38:44,200 INFO  [Log] TestStep row no.: 1 
2017-08-03 17:38:44,200 INFO  [Log] Fetching TestData Item: Chrome 
2017-08-03 17:38:51,087 INFO  [Log] Action......Opening the browser 
2017-08-03 17:38:51,088 INFO  [Log] Executed TestData Item: Chrome 
2017-08-03 17:38:51,088 INFO  [Log] bResult: true for iStartTestStep: 1 
2017-08-03 17:38:51,351 INFO  [Log] Test result: PASS written successfully on: TestSteps of DataEngine.xlsx 
2017-08-03 17:38:51,351 INFO  [Log] TestStep row no.: 2 
2017-08-03 17:38:51,351 WARN  [Log] No Cell Data is found and return empty cell 
2017-08-03 17:38:51,352 INFO  [Log] Action......Clicking on ObjectLocator //*[@id="page-container"]/div[5]/input 
2017-08-03 17:38:53,015 INFO  [Log] Executed TestData Item:  
2017-08-03 17:38:53,015 INFO  [Log] bResult: true for iStartTestStep: 2 
2017-08-03 17:38:53,120 INFO  [Log] Test result: PASS written successfully on: TestSteps of DataEngine.xlsx 
2017-08-03 17:38:53,120 INFO  [Log] TestStep row no.: 3 
2017-08-03 17:38:53,120 INFO  [Log] Fetching TestData Item: 0197768799 
2017-08-03 17:38:53,121 INFO  [Log] Action......Input the text into ObjectLocator //*[@id="username"] 
2017-08-03 17:38:53,223 INFO  [Log] Executed TestData Item: 0197768799 
2017-08-03 17:38:53,223 INFO  [Log] bResult: true for iStartTestStep: 3 
2017-08-03 17:38:53,346 INFO  [Log] Test result: PASS written successfully on: TestSteps of DataEngine.xlsx 
2017-08-03 17:38:53,346 INFO  [Log] TestStep row no.: 4 
2017-08-03 17:38:53,346 INFO  [Log] Fetching TestData Item: 999999 
2017-08-03 17:38:53,346 INFO  [Log] Action......Input the text into ObjectLocator //*[@id="Password"] 
2017-08-03 17:38:53,520 INFO  [Log] Executed TestData Item: 999999 
2017-08-03 17:38:53,520 INFO  [Log] bResult: true for iStartTestStep: 4 
2017-08-03 17:38:53,618 INFO  [Log] Test result: PASS written successfully on: TestSteps of DataEngine.xlsx 
2017-08-03 17:38:53,618 INFO  [Log] TestStep row no.: 5 
2017-08-03 17:38:53,620 INFO  [Log] Action......Clicking on ObjectLocator //*[@id="btnSubmitLogin"] 
2017-08-03 17:38:54,298 INFO  [Log] Executed TestData Item:  
2017-08-03 17:38:54,298 INFO  [Log] bResult: true for iStartTestStep: 5 
2017-08-03 17:38:54,400 INFO  [Log] Test result: PASS written successfully on: TestSteps of DataEngine.xlsx 
2017-08-03 17:38:54,400 INFO  [Log] TestStep row no.: 6 
2017-08-03 17:38:54,401 INFO  [Log] Action......Try Verify text 
2017-08-03 17:38:54,488 INFO  [Log] Text verified 
2017-08-03 17:38:54,488 INFO  [Log] Executed TestData Item: log keluar 
2017-08-03 17:38:54,488 INFO  [Log] bResult: true for iStartTestStep: 6 
2017-08-03 17:38:54,563 INFO  [Log] Test result: PASS written successfully on: TestSteps of DataEngine.xlsx 
2017-08-03 17:38:54,563 INFO  [Log] TestStep row no.: 7 
2017-08-03 17:38:54,563 WARN  [Log] No Cell Data is found and return empty cell 
2017-08-03 17:38:54,563 INFO  [Log] Action......Closing the browser 
2017-08-03 17:38:54,829 INFO  [Log] Executed TestData Item:  
2017-08-03 17:38:54,829 INFO  [Log] bResult: true for iStartTestStep: 7 
2017-08-03 17:38:54,911 INFO  [Log] Test result: PASS written successfully on: TestSteps of DataEngine.xlsx 
2017-08-03 17:38:54,996 INFO  [Log] Test result: PASS written successfully on: TestCases of DataEngine.xlsx 
2017-08-03 17:38:54,996 INFO  [Log] ......All TestStep Completed for login...... 
2017-08-03 17:38:54,997 INFO  [Log] Test start for new TestData 
2017-08-03 17:38:54,997 INFO  [Log] - 
2017-08-03 17:38:54,997 INFO  [Log] - 
2017-08-03 17:38:54,997 INFO  [Log] - 
2017-08-03 17:38:54,997 INFO  [Log] TestStep row no.: 1 
2017-08-03 17:38:54,997 INFO  [Log] Fetching TestData Item: chrome 
2017-08-03 17:39:01,070 INFO  [Log] Action......Opening the browser 
2017-08-03 17:39:01,070 INFO  [Log] Executed TestData Item: chrome 
2017-08-03 17:39:01,070 INFO  [Log] bResult: true for iStartTestStep: 1 
2017-08-03 17:39:01,159 INFO  [Log] Test result: PASS written successfully on: TestSteps of DataEngine.xlsx 
2017-08-03 17:39:01,159 INFO  [Log] TestStep row no.: 2 
2017-08-03 17:39:01,160 WARN  [Log] No Cell Data is found and return empty cell 
2017-08-03 17:39:01,160 INFO  [Log] Action......Clicking on ObjectLocator //*[@id="page-container"]/div[5]/input 
2017-08-03 17:39:04,624 INFO  [Log] Executed TestData Item:  
2017-08-03 17:39:04,624 INFO  [Log] bResult: true for iStartTestStep: 2 
2017-08-03 17:39:04,689 INFO  [Log] Test result: PASS written successfully on: TestSteps of DataEngine.xlsx 
2017-08-03 17:39:04,689 INFO  [Log] TestStep row no.: 3 
2017-08-03 17:39:04,689 INFO  [Log] Fetching TestData Item: 0163155233 
2017-08-03 17:39:04,689 INFO  [Log] Action......Input the text into ObjectLocator //*[@id="username"] 
2017-08-03 17:39:04,810 INFO  [Log] Executed TestData Item: 0163155233 
2017-08-03 17:39:04,810 INFO  [Log] bResult: true for iStartTestStep: 3 
2017-08-03 17:39:04,877 INFO  [Log] Test result: PASS written successfully on: TestSteps of DataEngine.xlsx 
2017-08-03 17:39:04,877 INFO  [Log] TestStep row no.: 4 
2017-08-03 17:39:04,877 INFO  [Log] Fetching TestData Item: 999999 
2017-08-03 17:39:04,877 INFO  [Log] Action......Input the text into ObjectLocator //*[@id="Password"] 
2017-08-03 17:39:05,041 INFO  [Log] Executed TestData Item: 999999 
2017-08-03 17:39:05,041 INFO  [Log] bResult: true for iStartTestStep: 4 
2017-08-03 17:39:05,100 INFO  [Log] Test result: PASS written successfully on: TestSteps of DataEngine.xlsx 
2017-08-03 17:39:05,100 INFO  [Log] TestStep row no.: 5 
2017-08-03 17:39:05,100 INFO  [Log] Action......Clicking on ObjectLocator //*[@id="btnSubmitLogin"] 
2017-08-03 17:39:05,879 INFO  [Log] Executed TestData Item:  
2017-08-03 17:39:05,879 INFO  [Log] bResult: true for iStartTestStep: 5 
2017-08-03 17:39:05,936 INFO  [Log] Test result: PASS written successfully on: TestSteps of DataEngine.xlsx 
2017-08-03 17:39:05,936 INFO  [Log] TestStep row no.: 6 
2017-08-03 17:39:05,936 INFO  [Log] Action......Try Verify text 
2017-08-03 17:39:06,002 INFO  [Log] Text verified 
2017-08-03 17:39:06,003 INFO  [Log] Executed TestData Item: log keluar 
2017-08-03 17:39:06,003 INFO  [Log] bResult: true for iStartTestStep: 6 
2017-08-03 17:39:06,058 INFO  [Log] Test result: PASS written successfully on: TestSteps of DataEngine.xlsx 
2017-08-03 17:39:06,058 INFO  [Log] TestStep row no.: 7 
2017-08-03 17:39:06,058 WARN  [Log] No Cell Data is found and return empty cell 
2017-08-03 17:39:06,058 INFO  [Log] Action......Closing the browser 
2017-08-03 17:39:06,302 INFO  [Log] Executed TestData Item:  
2017-08-03 17:39:06,302 INFO  [Log] bResult: true for iStartTestStep: 7 
2017-08-03 17:39:06,363 INFO  [Log] Test result: PASS written successfully on: TestSteps of DataEngine.xlsx 
2017-08-03 17:39:06,429 INFO  [Log] Test result: PASS written successfully on: TestCases of DataEngine.xlsx 
2017-08-03 17:39:06,429 INFO  [Log] ......All TestStep Completed for login...... 
2017-08-03 17:39:06,429 INFO  [Log] --------------------------------TestCase login Ended------------------------------------ 
2017-08-03 17:39:06,429 INFO  [Log] - 
2017-08-03 17:39:06,429 INFO  [Log] - 
2017-08-03 17:39:06,429 INFO  [Log] - 
2017-08-03 17:39:06,429 INFO  [Log] - 
2017-08-03 17:39:06,430 INFO  [Log] ......No more TestCase with 'Yes' RunMode...... 
2017-08-03 17:39:06,430 INFO  [Log] ---------------------------------------   E-N-D  --------------------------------------- 
